<?xml version="1.0" encoding="UTF-8"?>
<!-- Generated by org.testng.reporters.JUnitReportReporter -->
<testsuite hostname="hp" failures="0" tests="1" name="tests.TestsOnLocalApi" time="3.942" errors="0" timestamp="2024-08-27T17:04:25 IST" skipped="0">
  <testcase classname="tests.TestsOnLocalApi" name="test4Delete" time="3.942"/>
</testsuite> <!-- tests.TestsOnLocalApi -->
