<?xml version="1.0" encoding="UTF-8"?>
<!-- Generated by org.testng.reporters.JUnitReportReporter -->
<testsuite hostname="hp" failures="0" tests="1" name="tests.TestExamples" time="3.016" errors="0" timestamp="2024-08-27T03:01:43 IST" skipped="0">
  <testcase classname="tests.TestExamples" name="test3" time="3.016"/>
</testsuite> <!-- tests.TestExamples -->
