<?xml version="1.0" encoding="UTF-8"?>
<!-- Generated by org.testng.reporters.JUnitReportReporter -->
<testsuite hostname="hp" failures="0" tests="1" name="tests.JsonScehmaValidator" time="4.909" errors="0" timestamp="2024-08-27T17:40:44 IST" skipped="0">
  <testcase classname="tests.JsonScehmaValidator" name="test2" time="4.909"/>
</testsuite> <!-- tests.JsonScehmaValidator -->
