<?xml version="1.0" encoding="UTF-8"?>
<!-- Generated by org.testng.reporters.JUnitReportReporter -->
<testsuite hostname="hp" failures="0" tests="1" name="tests.PutPatchDeleteExamples" time="2.895" errors="0" timestamp="2024-08-27T09:50:32 IST" skipped="0">
  <testcase classname="tests.PutPatchDeleteExamples" name="test4Delete" time="2.895"/>
</testsuite> <!-- tests.PutPatchDeleteExamples -->
